Log file open, 04/05/18 12:56:04
LogInit:Display: Running engine for game: MyProject7
LogPlatformFile: Not using cached read wrapper
LogInit:Display: RandInit(1937805705) SRandInit(1937805705).
LogTaskGraph: Started task graph with 5 named threads and 6 total threads with 1 sets of task threads.
LogStats: Stats thread started at 0.092071
LogInit: Using libcurl 7.47.1
LogInit:  - built for x86_64-pc-win32
LogInit:  - supports SSL with OpenSSL/1.0.2g
LogInit:  - supports HTTP deflate (compression) using libz 1.2.8
LogInit:  - other features:
LogInit:      CURL_VERSION_SSL
LogInit:      CURL_VERSION_LIBZ
LogInit:      CURL_VERSION_IPV6
LogInit:      CURL_VERSION_ASYNCHDNS
LogInit:      CURL_VERSION_LARGEFILE
LogInit:      CURL_VERSION_IDN
LogInit:  CurlRequestOptions (configurable via config and command line):
LogInit:  - bVerifyPeer = false  - Libcurl will NOT verify peer certificate
LogInit:  - bUseHttpProxy = false  - Libcurl will NOT use HTTP proxy
LogInit:  - bDontReuseConnections = false  - Libcurl will reuse connections
LogInit:  - CertBundlePath = nullptr  - Libcurl will use whatever was configured at build time.
LogInit: Build: ++UE4+Release-4.15-CL-3450819
LogInit: Engine Version: 4.15.3-3450819+++UE4+Release-4.15
LogInit: Compatible Engine Version: 4.15.0-3299760+++UE4+Release-4.15
LogInit: Net CL: 3299760
LogDevObjectVersion: Number of dev versions registered: 14
LogDevObjectVersion:   Dev-Blueprints (B0D832E4-1F89-4F0D-ACCF-7EB736FD4AA2): 8
LogDevObjectVersion:   Dev-Build (E1C64328-A22C-4D53-A36C-8E866417BD8C): 0
LogDevObjectVersion:   Dev-Core (375EC13C-06E4-48FB-B500-84F0262A717E): 2
LogDevObjectVersion:   Dev-Editor (E4B068ED-F494-42E9-A231-DA0B2E46BB41): 14
LogDevObjectVersion:   Dev-Framework (CFFC743F-43B0-4480-9391-14DF171D2073): 22
LogDevObjectVersion:   Dev-Mobile (B02B49B5-BB20-44E9-A304-32B752E40360): 0
LogDevObjectVersion:   Dev-Networking (A4E4105C-59A1-49B5-A7C5-40C4547EDFEE): 0
LogDevObjectVersion:   Dev-Online (39C831C9-5AE6-47DC-9A44-9C173E1C8E7C): 0
LogDevObjectVersion:   Dev-Physics (78F01B33-EBEA-4F98-B9B4-84EACCB95AA2): 0
LogDevObjectVersion:   Dev-Platform (6631380F-2D4D-43E0-8009-CF276956A95A): 0
LogDevObjectVersion:   Dev-Rendering (12F88B9F-8875-4AFC-A67C-D90C383ABD29): 12
LogDevObjectVersion:   Dev-Sequencer (7B5AE74C-D270-4C10-A958-57980B212A5A): 3
LogDevObjectVersion:   Dev-VR (D7296918-1DD6-4BDD-9DE2-64A83CC13884): 0
LogDevObjectVersion:   Dev-LoadTimes (C2A15278-BFE7-4AFE-6C17-90FF531DF755): 1
LogInit: Compiled (64-bit): May 21 2017 11:02:34
LogInit: Compiled with Visual C++: 19.00.23026.00
LogInit: Build Configuration: Development
LogInit: Branch Name: ++UE4+Release-4.15
LogInit: Command line: -EpicPortal 
LogInit: Base directory: C:/Program Files/Epic Games/UE_4.15/Engine/Binaries/Win64/
LogInit: Installed Engine Build: 1
LogInit: Presizing for max 8388607 objects, including 0 objects not considered by GC, pre-allocating 0 bytes for permanent pool.
LogInit: Object subsystem initialized
[2018.04.05-15.56.06:296][  0]LogInit: Selected Device Profile: [Windows]
[2018.04.05-15.56.06:296][  0]LogInit: Applying CVar settings loaded from the selected device profile: [Windows]
[2018.04.05-15.56.06:312][  0]LogInit: Computer: DESKTOP-DIQ0478
[2018.04.05-15.56.06:312][  0]LogInit: User: vinny
[2018.04.05-15.56.06:312][  0]LogInit: CPU Page size=65536, Cores=2
[2018.04.05-15.56.06:312][  0]LogInit: High frequency timer resolution =2.143477 MHz
[2018.04.05-15.56.06:312][  0]LogMemory: Memory total: Physical=7.9GB (8GB approx)
[2018.04.05-15.56.06:312][  0]LogMemory: Platform Memory Stats for Windows
[2018.04.05-15.56.06:312][  0]LogMemory: Process Physical Memory: 262.89 MB used, 262.89 MB peak
[2018.04.05-15.56.06:312][  0]LogMemory: Process Virtual Memory: 262.19 MB used, 262.19 MB peak
[2018.04.05-15.56.06:312][  0]LogMemory: Physical Memory: 2901.83 MB used,  5200.61 MB free, 8102.44 MB total
[2018.04.05-15.56.06:312][  0]LogMemory: Virtual Memory: 676.70 MB used,  5200.61 MB free, 134217728.00 MB total
[2018.04.05-15.56.06:458][  0]LogInit: Overriding culture en with editor configuration.
[2018.04.05-15.56.07:470][  0]LogD3D11RHI: D3D11 adapters:
[2018.04.05-15.56.07:530][  0]LogD3D11RHI:    0. 'NVIDIA GeForce 920M' (Feature Level 11_0)
[2018.04.05-15.56.07:530][  0]LogD3D11RHI:       2020/0/4051 MB DedicatedVideo/DedicatedSystem/SharedSystem, Outputs:1, VendorId:0x10de
[2018.04.05-15.56.07:537][  0]LogD3D11RHI:    1. 'Intel(R) HD Graphics 5500' (Feature Level 11_0)
[2018.04.05-15.56.07:537][  0]LogD3D11RHI:       128/0/4051 MB DedicatedVideo/DedicatedSystem/SharedSystem, Outputs:0, VendorId:0x8086
[2018.04.05-15.56.07:540][  0]LogD3D11RHI:    2. 'Microsoft Basic Render Driver' (Feature Level 11_0)
[2018.04.05-15.56.07:540][  0]LogD3D11RHI:       0/0/4051 MB DedicatedVideo/DedicatedSystem/SharedSystem, Outputs:0, VendorId:0x1414
[2018.04.05-15.56.07:540][  0]LogD3D11RHI: Chosen D3D11 Adapter: 0
[2018.04.05-15.56.07:548][  0]LogD3D11RHI: Creating new Direct3DDevice
[2018.04.05-15.56.07:548][  0]LogD3D11RHI:     GPU DeviceId: 0x1299 (for the marketing name, search the web for "GPU Device Id")
[2018.04.05-15.56.07:548][  0]LogWindows: EnumDisplayDevices:
[2018.04.05-15.56.07:548][  0]LogWindows:    0. 'Intel(R) HD Graphics 5500' (P:1 D:1)
[2018.04.05-15.56.07:549][  0]LogWindows:    1. 'Intel(R) HD Graphics 5500' (P:0 D:0)
[2018.04.05-15.56.07:549][  0]LogWindows:    2. 'Intel(R) HD Graphics 5500' (P:0 D:0)
[2018.04.05-15.56.07:549][  0]LogWindows: DebugString: GetVideoDriverDetailsInvalid PrimaryIsNotTheChoosenAdapter GetVideoDriverDetailsInvalid PrimaryIsNotTheChoosenAdapter GetVideoDriverDetailsInvalid PrimaryIsNotTheChoosenAdapter FoundDriverCount:0 
[2018.04.05-15.56.07:549][  0]LogD3D11RHI:     Adapter Name: NVIDIA GeForce 920M
[2018.04.05-15.56.07:549][  0]LogD3D11RHI:   Driver Version: Unknown (internal:Unknown, unified:Unknown)
[2018.04.05-15.56.07:549][  0]LogD3D11RHI:      Driver Date: Unknown
[2018.04.05-15.56.07:549][  0]LogRHI: Texture pool is 1361 MB (70% of 1945 MB)
[2018.04.05-15.56.07:588][  0]LogD3D11RHI:Warning: Timestamp queries are currently disabled on this hardware due to instability. Realtime GPU stats will not be available. You can override this behaviour by setting r.NVIDIATimestampWorkaround to 0
[2018.04.05-15.56.07:589][  0]LogD3D11RHI: Async texture creation enabled
[2018.04.05-15.56.07:611][  0]LogD3D11RHI: GPU Timing Frequency: 1000.000000 (Debug: 2 2)
[2018.04.05-15.56.07:612][  0]LogShaderCompilers: Guid format shader working directory is -20 characters bigger than the processId version (../../../../../../Users/vinny/Documents/Unreal Projects/MyProject7/Intermediate/Shaders/WorkingDirectory/2496/).
[2018.04.05-15.56.07:612][  0]LogShaderCompilers: Cleaned the shader compiler working directory 'C:/Users/vinny/AppData/Local/Temp/UnrealShaderWorkingDir/1EE330864ECC62CAE5E621A4F9921846/'.
[2018.04.05-15.56.07:612][  0]LogShaderCompilers:Display: Using Local Shader Compiler.
[2018.04.05-15.56.09:457][  0]LogTemp:Display: Loaded TP AllDesktopTargetPlatform
[2018.04.05-15.56.09:545][  0]LogTemp:Display: Loaded TP MacClientTargetPlatform
[2018.04.05-15.56.09:631][  0]LogTemp:Display: Loaded TP MacNoEditorTargetPlatform
[2018.04.05-15.56.09:717][  0]LogTemp:Display: Loaded TP MacServerTargetPlatform
[2018.04.05-15.56.09:811][  0]LogTemp:Display: Loaded TP MacTargetPlatform
[2018.04.05-15.56.09:906][  0]LogTemp:Display: Loaded TP WindowsClientTargetPlatform
[2018.04.05-15.56.09:996][  0]LogTemp:Display: Loaded TP WindowsNoEditorTargetPlatform
[2018.04.05-15.56.10:104][  0]LogTemp:Display: Loaded TP WindowsServerTargetPlatform
[2018.04.05-15.56.10:188][  0]LogTemp:Display: Loaded TP WindowsTargetPlatform
[2018.04.05-15.56.10:271][  0]LogTemp:Display: Loaded TP AndroidTargetPlatform
[2018.04.05-15.56.10:354][  0]LogTemp:Display: Loaded TP Android_ASTCTargetPlatform
[2018.04.05-15.56.10:451][  0]LogTemp:Display: Loaded TP Android_ATCTargetPlatform
[2018.04.05-15.56.10:545][  0]LogTemp:Display: Loaded TP Android_DXTTargetPlatform
[2018.04.05-15.56.10:634][  0]LogTemp:Display: Loaded TP Android_ETC1TargetPlatform
[2018.04.05-15.56.10:719][  0]LogTemp:Display: Loaded TP Android_ETC2TargetPlatform
[2018.04.05-15.56.10:904][  0]LogTemp:Display: Loaded TP Android_MultiTargetPlatform
[2018.04.05-15.56.10:904][  0]LogTemp:Display: Loaded TP Android_PVRTCTargetPlatform
[2018.04.05-15.56.10:971][  0]LogTemp:Display: Loaded TP HTML5TargetPlatform
[2018.04.05-15.56.11:117][  0]LogTemp:Display: Loaded TP IOSTargetPlatform
[2018.04.05-15.56.11:177][  0]LogTemp:Display: Loaded TP TVOSTargetPlatform
[2018.04.05-15.56.11:265][  0]LogTemp:Display: Loaded TP LinuxClientTargetPlatform
[2018.04.05-15.56.11:365][  0]LogTemp:Display: Loaded TP LinuxNoEditorTargetPlatform
[2018.04.05-15.56.11:444][  0]LogTemp:Display: Loaded TP LinuxServerTargetPlatform
[2018.04.05-15.56.11:533][  0]LogTemp:Display: Loaded TP LinuxTargetPlatform
[2018.04.05-15.56.11:533][  0]LogTargetPlatformManager:Display: Building Assets For Windows
[2018.04.05-15.56.12:277][  0]LogDerivedDataCache:Display: Max Cache Size: 512 MB
[2018.04.05-15.56.12:354][  0]LogDerivedDataCache: Loaded boot cache 0.08s 50MB C:/Users/vinny/AppData/Local/UnrealEngine/4.15/DerivedDataCache/Boot.ddc.
[2018.04.05-15.56.12:354][  0]LogDerivedDataCache:Display: Loaded Boot cache: C:/Users/vinny/AppData/Local/UnrealEngine/4.15/DerivedDataCache/Boot.ddc
[2018.04.05-15.56.12:354][  0]LogDerivedDataCache: FDerivedDataBackendGraph:  Pak pak cache file ../../../../../../Users/vinny/Documents/Unreal Projects/MyProject7/DerivedDataCache/DDC.ddp not found, will not use a pak cache.
[2018.04.05-15.56.12:354][  0]LogDerivedDataCache: Unable to find inner node Pak for hierarchical cache Hierarchy.
[2018.04.05-15.56.12:354][  0]LogDerivedDataCache: FDerivedDataBackendGraph:  CompressedPak pak cache file ../../../../../../Users/vinny/Documents/Unreal Projects/MyProject7/DerivedDataCache/Compressed.ddp not found, will not use a pak cache.
[2018.04.05-15.56.12:354][  0]LogDerivedDataCache: Unable to find inner node CompressedPak for hierarchical cache Hierarchy.
[2018.04.05-15.56.12:383][  0]LogDerivedDataCache:Display: Pak cache opened for reading ../../../Engine/DerivedDataCache/Compressed.ddp.
[2018.04.05-15.56.12:395][  0]LogDerivedDataCache: Using Local data cache path C:/Users/vinny/AppData/Local/UnrealEngine/Common/DerivedDataCache: Writable
[2018.04.05-15.56.12:409][  0]LogSlate: Using Freetype 2.6.0
[2018.04.05-15.56.12:409][  0]LogSlate: SlateFontCache - WITH_FREETYPE: 1, WITH_HARFBUZZ: 1
[2018.04.05-15.56.12:409][  0]LogSlate: SlateFontCache - WITH_FREETYPE: 1, WITH_HARFBUZZ: 1
[2018.04.05-15.56.12:919][  0]LogInit: Selected Device Profile: [Windows]
[2018.04.05-15.56.12:924][  0]LogContentStreaming: Texture pool size is 0.00 MB
[2018.04.05-15.56.13:254][  0]LogMeshUtilities: Using QuadricMeshReduction for automatic static mesh reduction
[2018.04.05-15.56.13:326][  0]LogSimplygon: Simplygon DLL not present - disabling.
[2018.04.05-15.56.13:403][  0]LogMeshUtilities: Using SimplygonSwarm for distributed automatic mesh merging
[2018.04.05-15.56.13:403][  0]LogMeshUtilities: No automatic skeletal mesh reduction module available
[2018.04.05-15.56.13:403][  0]LogMeshUtilities: No automatic mesh merging module available
[2018.04.05-15.56.14:256][  0]LogNetVersion: GetLocalNetworkVersion: CL: 3299760, ProjectName: myproject7, ProjectVersion: , EngineNetworkVersion: 2, GameNetworkVersion: 0, NetworkChecksum: 2425405797
[2018.04.05-15.56.14:339][  0]LogAssetRegistry: FAssetRegistry took 0.0228 seconds to start up
[2018.04.05-15.56.14:415][  0]LogPackageLocalizationCache: Processed 3 localized package path(s) for 1 prioritized culture(s) in 0.024759 seconds
[2018.04.05-15.56.14:425][  0]LogUObjectArray: 32493 objects as part of root set at end of initial load.
[2018.04.05-15.56.14:425][  0]LogUObjectAllocator: 7077024 out of 0 bytes used by permanent object pool.
[2018.04.05-15.56.14:425][  0]LogUObjectArray: CloseDisregardForGC: 0/0 objects in disregard for GC pool
[2018.04.05-15.56.14:581][  0]LogInit: WinSock: version 1.1 (2.2), MaxSocks=32767, MaxUdp=65467
[2018.04.05-15.56.17:395][  0]LogTcpMessaging: Initializing TcpMessaging bridge
[2018.04.05-15.56.17:454][  0]LogUdpMessaging: Initializing bridge on interface 0.0.0.0:0 to multicast group 230.0.0.1:6666.
[2018.04.05-15.56.18:259][  0]LogMaterial: Uniform references updated for custom material expression Custom.
[2018.04.05-15.56.18:888][  0]SourceControl: Info Source control is disabled
[2018.04.05-15.56.18:890][  0]SourceControl: Info Source control is disabled
[2018.04.05-15.56.18:970][  0]SourceControl: Info Source control is disabled
[2018.04.05-15.56.19:047][  0]SourceControl: Info Source control is disabled
[2018.04.05-15.56.19:632][  0]LogLinker:Warning: Can't find file '/Game/ThirdPersonBP/ThirdPersonOverview'
[2018.04.05-15.56.19:632][  0]LogLinker:Warning: Can't find file '/Game/ThirdPersonBP/ThirdPersonOverview'
[2018.04.05-15.56.19:633][  0]LogUObjectGlobals:Warning: Failed to find object 'Class /Game/ThirdPersonBP/ThirdPersonOverview.ThirdPersonOverview_C'
[2018.04.05-15.56.21:346][  0]LogEngine: Initializing Engine...
[2018.04.05-15.56.21:346][  0]LogHMD: Failed to initialize OpenVR with code 110
[2018.04.05-15.56.21:504][  0]LogStats: UGameplayTagsManager::ConstructGameplayTagTree: Construct from data asset -  0.000 s
[2018.04.05-15.56.21:504][  0]LogStats: UGameplayTagsManager::ConstructGameplayTagTree: GameplayTagTreeChangedEvent.Broadcast -  0.000 s
[2018.04.05-15.56.21:715][  0]LogAIModule: Creating AISystem for world Untitled
[2018.04.05-15.56.21:724][  0]LogInit: XAudio2 using 'Fones de ouvido / Alto falantes (Realtek High Definition Audio)' : 2 channels at 48 kHz using 32 bits per sample (channel mask 0x3)
[2018.04.05-15.56.21:980][  0]LogInit: FAudioDevice initialized.
[2018.04.05-15.56.22:022][  0]LogDerivedDataCache: Saved boot cache 0.04s 50MB C:/Users/vinny/AppData/Local/UnrealEngine/4.15/DerivedDataCache/Boot.ddc.
[2018.04.05-15.56.22:032][  0]LogInit: Texture streaming: Enabled
[2018.04.05-15.56.22:195][  0]LogEngineSessionManager: EngineSessionManager initialized
[2018.04.05-15.56.22:343][  0]LogInit: Transaction tracking system initialized
[2018.04.05-15.56.22:954][  0]BlueprintLog: New page: Editor Load
[2018.04.05-15.56.24:576][  0]LocalizationService: Info Localization service is disabled
[2018.04.05-15.56.25:754][  0]LogConsoleResponse:Display: 
[2018.04.05-15.56.25:976][  0]LogCook:Display: Max memory allowance for cook 16384mb min free memory 0mb
[2018.04.05-15.56.25:977][  0]LogCook:Display: Mobile HDR setting 1
[2018.04.05-15.56.26:682][  0]LogFileCache: Scanning file cache for directory 'C:/Users/vinny/Documents/Unreal Projects/MyProject7/Content/' took 0.01s
[2018.04.05-15.56.27:819][  0]SourceControl: Info Source control is disabled
[2018.04.05-15.56.27:820][  0]Cmd: MAP LOAD FILE="../../../Engine/Content/Maps/Templates/Template_Default.umap" TEMPLATE=1 SHOWPROGRESS=1 FEATURELEVEL=3
[2018.04.05-15.56.27:820][  0]LightingResults: New page: Lighting Build
[2018.04.05-15.56.27:896][  0]MapCheck: New page: Map Check
[2018.04.05-15.56.27:896][  0]LightingResults: New page: Lighting Build
[2018.04.05-15.56.28:135][  0]LogAIModule: Creating AISystem for world Untitled_1
[2018.04.05-15.56.28:161][  0]LogActorComponent: RegisterComponentWithWorld: (/Temp/Untitled_1.Untitled_1:PersistentLevel.WorldSettings_1.StaticMeshComponent0) Trying to register component with IsPendingKill() == true. Aborting.
[2018.04.05-15.56.28:168][  0]LogEditorServer: Finished looking for orphan Actors (0.000 secs)
[2018.04.05-15.56.28:174][  0]Cmd: MAP CHECKDEP NOCLEARLOG
[2018.04.05-15.56.28:233][  0]MapCheck: Info Map check complete: 0 Error(s), 0 Warning(s), took 59.08ms to complete.
[2018.04.05-15.56.28:233][  0]LogFileHelpers: Loading map 'Template_Default' took 0.414
[2018.04.05-15.56.28:296][  0]LogWindowsTextInputMethodSystem:Display: IME system now deactivated.
[2018.04.05-15.56.28:478][  0]LogCollectionManager: Loaded 0 collections in 0.002343 seconds
[2018.04.05-15.56.28:595][  0]LogFileCache: Scanning file cache for directory 'C:/Users/vinny/Documents/Unreal Projects/MyProject7/Saved/Collections/' took 0.01s
[2018.04.05-15.56.28:595][  0]LogFileCache: Scanning file cache for directory 'C:/Users/vinny/Documents/Unreal Projects/MyProject7/Content/Developers/vinny/Collections/' took 0.01s
[2018.04.05-15.56.28:595][  0]LogFileCache: Scanning file cache for directory 'C:/Users/vinny/Documents/Unreal Projects/MyProject7/Content/Collections/' took 0.01s
[2018.04.05-15.56.28:595][  0]LogCollectionManager: Rebuilt the GUID cache for 0 collections in 0.000003 seconds
[2018.04.05-15.56.28:611][  0]LogContentBrowser: Native class hierarchy populated in 0.0156 seconds. Added 2246 classes and 455 folders.
[2018.04.05-15.56.28:735][  0]LogContentBrowser: Native class hierarchy updated for 'WidgetCarousel' in 0.0033 seconds. Added 0 classes and 0 folders.
[2018.04.05-15.56.28:801][  0]LogContentBrowser: Native class hierarchy updated for 'AddContentDialog' in 0.0027 seconds. Added 0 classes and 0 folders.
[2018.04.05-15.56.28:877][  0]LogContentBrowser: Native class hierarchy updated for 'SceneOutliner' in 0.0019 seconds. Added 1 classes and 2 folders.
[2018.04.05-15.56.28:951][  0]LogCrashTracker: Crashtracker disabled due to settings.
[2018.04.05-15.56.28:962][  0]LogUObjectGlobals:Warning: Failed to find object 'Class None.'
[2018.04.05-15.56.29:079][  0]LogContentBrowser: Native class hierarchy updated for 'HierarchicalLODOutliner' in 0.0025 seconds. Added 1 classes and 2 folders.
[2018.04.05-15.56.29:080][  0]LogLoad: (Engine Initialization) Total time: 26.43 seconds
[2018.04.05-15.56.29:080][  0]LogLoad: (Engine Initialization) Total Blueprint compile time: 0.15 seconds
[2018.04.05-15.56.29:080][  0]LogExternalProfiler: Found external profiler: VSPerf
[2018.04.05-15.56.29:080][  0]LogExternalProfiler: Using external profiler: VSPerf
[2018.04.05-15.56.29:098][  0]LogOcInput: OculusInput pre-init called
[2018.04.05-15.56.29:117][  0]LogContentStreaming: Texture pool size now 1000 MB
[2018.04.05-15.56.29:120][  0]LogSlate: Took 0.000477 seconds to synchronously load lazily loaded font '../../../Engine/Content/Slate/Fonts/Roboto-Regular.ttf' (155K)
[2018.04.05-15.56.29:124][  0]LogSlate: Took 0.000396 seconds to synchronously load lazily loaded font '../../../Engine/Content/Slate/Fonts/Roboto-Bold.ttf' (160K)
[2018.04.05-15.56.29:131][  0]LogSlate: Took 0.000293 seconds to synchronously load lazily loaded font '../../../Engine/Content/Editor/Slate/Fonts/FontAwesome.ttf' (139K)
[2018.04.05-15.56.29:312][  0]LogRenderer: Reallocating scene render targets to support 724x404 NumSamples 1 (Frame:2).
[2018.04.05-15.56.29:509][  2]LogAssetRegistry: Asset discovery search completed in 15.1931 seconds
[2018.04.05-15.56.29:509][  2]LogCollectionManager: Rebuilt the object cache for 0 collections in 0.000019 seconds (found 0 objects)
[2018.04.05-15.56.29:509][  2]LogCollectionManager: Fixed up redirectors for 0 collections in 0.000048 seconds (updated 0 objects)
[2018.04.05-15.56.33:229][220]LogSlate: Took 0.000421 seconds to synchronously load lazily loaded font '../../../Engine/Content/Slate/Fonts/Roboto-Light.ttf' (159K)
[2018.04.05-15.56.54:908][518]LogSlate: Took 0.000265 seconds to synchronously load lazily loaded font '../../../Engine/Content/Slate/Fonts/Roboto-Light.ttf' (159K)
[2018.04.05-15.56.55:041][518]LogAIModule: Creating AISystem for world Tetris
[2018.04.05-15.56.55:087][518]Cmd: MAP LOAD FILE="../../../../../../Users/vinny/Documents/Unreal Projects/MyProject7/Content/Tetris.umap" TEMPLATE=0 SHOWPROGRESS=1 FEATURELEVEL=3
[2018.04.05-15.56.55:087][518]LightingResults: New page: Lighting Build
[2018.04.05-15.56.55:089][518]LoadErrors: New page: Loading map: Tetris.umap
[2018.04.05-15.56.55:090][518]MapCheck: New page: Map Check
[2018.04.05-15.56.55:090][518]LightingResults: New page: Lighting Build
[2018.04.05-15.56.55:128][518]LogEditorServer: Finished looking for orphan Actors (0.000 secs)
[2018.04.05-15.56.55:181][518]Cmd: MAP CHECKDEP NOCLEARLOG
[2018.04.05-15.56.55:244][518]MapCheck: Info Map check complete: 0 Error(s), 0 Warning(s), took 62.48ms to complete.
[2018.04.05-15.56.55:244][518]LogFileHelpers: Loading map 'Tetris' took 0.158
[2018.04.05-15.56.57:621][654]LogTemp: Repeting last play command: Selected Viewport
[2018.04.05-15.56.57:645][654]LogBlueprintUserMessages: Early PlayInEditor Detection: Level '/Game/Tetris.Tetris:PersistentLevel' has LevelScriptBlueprint '/Game/Tetris.Tetris:PersistentLevel.Tetris' with GeneratedClass '/Game/Tetris.Tetris_C' with ClassGeneratedBy '/Game/Tetris.Tetris:PersistentLevel.Tetris'
[2018.04.05-15.56.57:645][654]LogPlayLevel: PlayLevel: No blueprints needed recompiling
[2018.04.05-15.56.57:646][654]PIE: New page: PIE session: Tetris (Apr 5, 2018, 9:56:57 AM)
[2018.04.05-15.56.57:646][654]LogPlayLevel: Creating play world package: /Game/UEDPIE_0_Tetris
[2018.04.05-15.56.57:653][654]LogPlayLevel: PIE: StaticDuplicateObject took: (0.007658s)
[2018.04.05-15.56.57:655][654]LogAIModule: Creating AISystem for world Tetris
[2018.04.05-15.56.57:655][654]LogPlayLevel: PIE: World Init took: (0.001388s)
[2018.04.05-15.56.57:655][654]LogPlayLevel: PIE: Created PIE world by copying editor world from /Game/Tetris.Tetris to /Game/UEDPIE_0_Tetris.Tetris (0.009481s)
[2018.04.05-15.56.57:692][654]LogInit: XAudio2 using 'Fones de ouvido / Alto falantes (Realtek High Definition Audio)' : 2 channels at 48 kHz using 32 bits per sample (channel mask 0x3)
[2018.04.05-15.56.57:720][654]LogInit: FAudioDevice initialized.
[2018.04.05-15.56.57:770][654]LogLoad: Game class is 'GameModeBase'
[2018.04.05-15.56.57:773][654]LogWorld: Bringing World /Game/UEDPIE_0_Tetris.Tetris up for play (max tick rate 60) at 2018.04.05-12.56.57
[2018.04.05-15.56.57:774][654]LogWorld: Bringing up level for play took: 0.002386
[2018.04.05-15.56.57:846][654]LogContentBrowser: Native class hierarchy updated for 'MovieSceneCapture' in 0.0028 seconds. Added 11 classes and 0 folders.
[2018.04.05-15.56.58:288][654]LogScript:Warning: Runaway loop detected (over 1,000,000 iterations) - see log for stack trace
	Peça_4x1_C /Game/UEDPIE_0_Tetris.Tetris:PersistentLevel.Peça_4x1_C_0
	Function /Game/BluePrints/Peça_4x1.Peça_4x1_C:ExecuteUbergraph_Peça_4x1:00A3
[2018.04.05-15.56.58:288][654]PIE:Error: Error Infinite Loop detected in  Peça_4x1 , asserted during  Delay with the following  Call Stack
[2018.04.05-15.56.58:288][654]PIE: Info Play in editor start time for /Game/UEDPIE_0_Tetris 1.598
[2018.04.05-15.56.58:289][654]LogBlueprintUserMessages: Late PlayInEditor Detection: Level '/Game/Tetris.Tetris:PersistentLevel' has LevelScriptBlueprint '/Game/Tetris.Tetris:PersistentLevel.Tetris' with GeneratedClass '/Game/Tetris.Tetris_C' with ClassGeneratedBy '/Game/Tetris.Tetris:PersistentLevel.Tetris'
[2018.04.05-15.56.58:303][654]LogBlueprintUserMessages: Early EndPlayMap Detection: Level '/Game/Tetris.Tetris:PersistentLevel' has LevelScriptBlueprint '/Game/Tetris.Tetris:PersistentLevel.Tetris' with GeneratedClass '/Game/Tetris.Tetris_C' with ClassGeneratedBy '/Game/Tetris.Tetris:PersistentLevel.Tetris'
[2018.04.05-15.56.58:346][654]LogBlueprintUserMessages: Late EndPlayMap Detection: Level '/Game/Tetris.Tetris:PersistentLevel' has LevelScriptBlueprint '/Game/Tetris.Tetris:PersistentLevel.Tetris' with GeneratedClass '/Game/Tetris.Tetris_C' with ClassGeneratedBy '/Game/Tetris.Tetris:PersistentLevel.Tetris'
[2018.04.05-15.57.04:756][948]LogSlate: Took 0.000283 seconds to synchronously load lazily loaded font '../../../Engine/Content/Slate/Fonts/Roboto-Regular.ttf' (155K)
[2018.04.05-15.57.04:950][948]LogContentBrowser: Native class hierarchy updated for 'BlueprintGraph' in 0.0039 seconds. Added 112 classes and 0 folders.
[2018.04.05-15.57.06:077][948]LogSlate: Took 0.000381 seconds to synchronously load lazily loaded font '../../../Engine/Content/Editor/Slate/Fonts/Roboto-BoldCondensed.ttf' (158K)
[2018.04.05-15.57.06:344][949]LogSlate: Took 0.000380 seconds to synchronously load lazily loaded font '../../../Engine/Content/Editor/Slate/Fonts/Roboto-Italic.ttf' (157K)
[2018.04.05-15.57.09:352][ 85]BlueprintLog: New page: Compile Peça_4x1
[2018.04.05-15.57.12:667][227]LogTemp: Repeting last play command: Selected Viewport
[2018.04.05-15.57.12:704][227]LogBlueprintUserMessages: Early PlayInEditor Detection: Level '/Game/Tetris.Tetris:PersistentLevel' has LevelScriptBlueprint '/Game/Tetris.Tetris:PersistentLevel.Tetris' with GeneratedClass '/Game/Tetris.Tetris_C' with ClassGeneratedBy '/Game/Tetris.Tetris:PersistentLevel.Tetris'
[2018.04.05-15.57.12:704][227]LogPlayLevel: PlayLevel: No blueprints needed recompiling
[2018.04.05-15.57.12:704][227]PIE: New page: PIE session: Tetris (Apr 5, 2018, 9:57:12 AM)
[2018.04.05-15.57.12:705][227]LogPlayLevel: Creating play world package: /Game/UEDPIE_0_Tetris
[2018.04.05-15.57.12:712][227]LogPlayLevel: PIE: StaticDuplicateObject took: (0.007237s)
[2018.04.05-15.57.12:713][227]LogAIModule: Creating AISystem for world Tetris
[2018.04.05-15.57.12:714][227]LogPlayLevel: PIE: World Init took: (0.001609s)
[2018.04.05-15.57.12:714][227]LogPlayLevel: PIE: Created PIE world by copying editor world from /Game/Tetris.Tetris to /Game/UEDPIE_0_Tetris.Tetris (0.009256s)
[2018.04.05-15.57.12:764][227]LogInit: XAudio2 using 'Fones de ouvido / Alto falantes (Realtek High Definition Audio)' : 2 channels at 48 kHz using 32 bits per sample (channel mask 0x3)
[2018.04.05-15.57.12:787][227]LogInit: FAudioDevice initialized.
[2018.04.05-15.57.12:823][227]LogLoad: Game class is 'GameModeBase'
[2018.04.05-15.57.12:825][227]LogWorld: Bringing World /Game/UEDPIE_0_Tetris.Tetris up for play (max tick rate 60) at 2018.04.05-12.57.12
[2018.04.05-15.57.12:826][227]LogWorld: Bringing up level for play took: 0.001770
[2018.04.05-15.57.12:828][227]PIE: Info Play in editor start time for /Game/UEDPIE_0_Tetris 0.137
[2018.04.05-15.57.12:828][227]LogBlueprintUserMessages: Late PlayInEditor Detection: Level '/Game/Tetris.Tetris:PersistentLevel' has LevelScriptBlueprint '/Game/Tetris.Tetris:PersistentLevel.Tetris' with GeneratedClass '/Game/Tetris.Tetris_C' with ClassGeneratedBy '/Game/Tetris.Tetris:PersistentLevel.Tetris'
[2018.04.05-15.57.23:561][870]LogBlueprintUserMessages: Early EndPlayMap Detection: Level '/Game/Tetris.Tetris:PersistentLevel' has LevelScriptBlueprint '/Game/Tetris.Tetris:PersistentLevel.Tetris' with GeneratedClass '/Game/Tetris.Tetris_C' with ClassGeneratedBy '/Game/Tetris.Tetris:PersistentLevel.Tetris'
[2018.04.05-15.57.23:603][870]LogBlueprintUserMessages: Late EndPlayMap Detection: Level '/Game/Tetris.Tetris:PersistentLevel' has LevelScriptBlueprint '/Game/Tetris.Tetris:PersistentLevel.Tetris' with GeneratedClass '/Game/Tetris.Tetris_C' with ClassGeneratedBy '/Game/Tetris.Tetris:PersistentLevel.Tetris'
[2018.04.05-15.58.00:256][722]BlueprintLog: New page: Compile Peça_4x1
[2018.04.05-15.58.03:650][882]LogTemp: Repeting last play command: Selected Viewport
[2018.04.05-15.58.03:682][882]LogBlueprintUserMessages: Early PlayInEditor Detection: Level '/Game/Tetris.Tetris:PersistentLevel' has LevelScriptBlueprint '/Game/Tetris.Tetris:PersistentLevel.Tetris' with GeneratedClass '/Game/Tetris.Tetris_C' with ClassGeneratedBy '/Game/Tetris.Tetris:PersistentLevel.Tetris'
[2018.04.05-15.58.03:682][882]LogPlayLevel: PlayLevel: No blueprints needed recompiling
[2018.04.05-15.58.03:682][882]PIE: New page: PIE session: Tetris (Apr 5, 2018, 9:58:03 AM)
[2018.04.05-15.58.03:682][882]LogPlayLevel: Creating play world package: /Game/UEDPIE_0_Tetris
[2018.04.05-15.58.03:689][882]LogPlayLevel: PIE: StaticDuplicateObject took: (0.007310s)
[2018.04.05-15.58.03:691][882]LogAIModule: Creating AISystem for world Tetris
[2018.04.05-15.58.03:691][882]LogPlayLevel: PIE: World Init took: (0.001611s)
[2018.04.05-15.58.03:691][882]LogPlayLevel: PIE: Created PIE world by copying editor world from /Game/Tetris.Tetris to /Game/UEDPIE_0_Tetris.Tetris (0.009259s)
[2018.04.05-15.58.03:745][882]LogInit: XAudio2 using 'Fones de ouvido / Alto falantes (Realtek High Definition Audio)' : 2 channels at 48 kHz using 32 bits per sample (channel mask 0x3)
[2018.04.05-15.58.03:772][882]LogInit: FAudioDevice initialized.
[2018.04.05-15.58.03:803][882]LogLoad: Game class is 'GameModeBase'
[2018.04.05-15.58.03:805][882]LogWorld: Bringing World /Game/UEDPIE_0_Tetris.Tetris up for play (max tick rate 60) at 2018.04.05-12.58.03
[2018.04.05-15.58.03:806][882]LogWorld: Bringing up level for play took: 0.001969
[2018.04.05-15.58.03:809][882]PIE: Info Play in editor start time for /Game/UEDPIE_0_Tetris 1.118
[2018.04.05-15.58.03:809][882]LogBlueprintUserMessages: Late PlayInEditor Detection: Level '/Game/Tetris.Tetris:PersistentLevel' has LevelScriptBlueprint '/Game/Tetris.Tetris:PersistentLevel.Tetris' with GeneratedClass '/Game/Tetris.Tetris_C' with ClassGeneratedBy '/Game/Tetris.Tetris:PersistentLevel.Tetris'
[2018.04.05-15.58.08:220][146]LogBlueprintUserMessages: Early EndPlayMap Detection: Level '/Game/Tetris.Tetris:PersistentLevel' has LevelScriptBlueprint '/Game/Tetris.Tetris:PersistentLevel.Tetris' with GeneratedClass '/Game/Tetris.Tetris_C' with ClassGeneratedBy '/Game/Tetris.Tetris:PersistentLevel.Tetris'
[2018.04.05-15.58.08:258][146]LogBlueprintUserMessages: Late EndPlayMap Detection: Level '/Game/Tetris.Tetris:PersistentLevel' has LevelScriptBlueprint '/Game/Tetris.Tetris:PersistentLevel.Tetris' with GeneratedClass '/Game/Tetris.Tetris_C' with ClassGeneratedBy '/Game/Tetris.Tetris:PersistentLevel.Tetris'
[2018.04.05-15.58.13:063][212]Cmd: OBJ SAVEPACKAGE PACKAGE="/Game/BluePrints/Peça_4x1" FILE="../../../../../../Users/vinny/Documents/Unreal Projects/MyProject7/Content/BluePrints/Peça_4x1.uasset" SILENT=true
[2018.04.05-15.58.13:147][212]LogSavePackage: Save=74.71ms
[2018.04.05-15.58.13:147][212]LogSavePackage: Moving '../../../../../../Users/vinny/Documents/Unreal Projects/MyProject7/Saved/Peça_4x101816A9A43AAE13CA549618192849739.tmp' to '../../../../../../Users/vinny/Documents/Unreal Projects/MyProject7/Content/BluePrints/Peça_4x1.uasset'
[2018.04.05-15.58.13:152][212]LogSavePackage:Display: Finished SavePackage ../../../../../../Users/vinny/Documents/Unreal Projects/MyProject7/Content/BluePrints/Peça_4x1.uasset
[2018.04.05-15.58.13:374][212]LogWindowsTextInputMethodSystem:Display: IME system now deactivated.
[2018.04.05-15.58.13:615][213]Cmd: QUIT_EDITOR
[2018.04.05-15.58.14:031][213]LogExit: Preparing to exit.
[2018.04.05-15.58.14:626][213]LogDirectoryWatcher: A directory notification failed for 'C:/Users/vinny/Documents/Unreal Projects/MyProject7/Content/', and we were unable to create a new request.
[2018.04.05-15.58.14:668][213]LogExit: Editor shut down
[2018.04.05-15.58.14:669][213]LogExit: Transaction tracking system shut down
[2018.04.05-15.58.14:789][213]LogObj: Freed 0b from 0 cluster array pools.
[2018.04.05-15.58.14:790][213]LogExit: Object subsystem successfully closed.
[2018.04.05-15.58.14:807][213]LogD3D11RHI: Shutdown
[2018.04.05-15.58.14:807][213]LogD3D11RHI: CleanupD3DDevice
[2018.04.05-15.58.14:926][213]LogD3D11RHI: ~FD3D11DynamicRHI
[2018.04.05-15.58.14:951][213]LogModuleManager: Shutting down and abandoning module BlueprintGraph (506)
[2018.04.05-15.58.14:951][213]LogModuleManager: Shutting down and abandoning module BlueprintProfiler (504)
[2018.04.05-15.58.14:951][213]LogModuleManager: Shutting down and abandoning module MovieSceneCapture (502)
[2018.04.05-15.58.14:951][213]LogModuleManager: Shutting down and abandoning module HierarchicalLODOutliner (500)
[2018.04.05-15.58.14:951][213]LogModuleManager: Shutting down and abandoning module CrashTracker (498)
[2018.04.05-15.58.14:951][213]LogModuleManager: Shutting down and abandoning module SceneOutliner (496)
[2018.04.05-15.58.14:951][213]LogModuleManager: Shutting down and abandoning module AddContentDialog (494)
[2018.04.05-15.58.14:951][213]LogDirectoryWatcher: A directory notification for 'C:/Program Files/Epic Games/UE_4.15/FeaturePacks/' was aborted.
[2018.04.05-15.58.14:952][213]LogModuleManager: Shutting down and abandoning module WidgetCarousel (493)
[2018.04.05-15.58.14:952][213]LogModuleManager: Shutting down and abandoning module EditorWidgets (490)
[2018.04.05-15.58.14:952][213]LogModuleManager: Shutting down and abandoning module CollectionManager (488)
[2018.04.05-15.58.14:952][213]LogDirectoryWatcher: A directory notification for 'C:/Users/vinny/Documents/Unreal Projects/MyProject7/Content/Collections/' was aborted.
[2018.04.05-15.58.14:952][213]LogDirectoryWatcher: A directory notification for 'C:/Users/vinny/Documents/Unreal Projects/MyProject7/Content/Developers/vinny/Collections/' was aborted.
[2018.04.05-15.58.14:952][213]LogDirectoryWatcher: A directory notification for 'C:/Users/vinny/Documents/Unreal Projects/MyProject7/Saved/Collections/' was aborted.
[2018.04.05-15.58.14:952][213]LogModuleManager: Shutting down and abandoning module StatsViewer (486)
[2018.04.05-15.58.14:952][213]LogModuleManager: Shutting down and abandoning module FoliageEdit (484)
[2018.04.05-15.58.14:952][213]LogModuleManager: Shutting down and abandoning module LandscapeEditor (482)
[2018.04.05-15.58.14:952][213]LogModuleManager: Shutting down and abandoning module SceneDepthPickerMode (480)
[2018.04.05-15.58.14:952][213]LogModuleManager: Shutting down and abandoning module ActorPickerMode (478)
[2018.04.05-15.58.14:953][213]LogModuleManager: Shutting down and abandoning module GeometryMode (476)
[2018.04.05-15.58.14:953][213]LogModuleManager: Shutting down and abandoning module TextureAlignMode (474)
[2018.04.05-15.58.14:953][213]LogModuleManager: Shutting down and abandoning module BspMode (472)
[2018.04.05-15.58.14:953][213]LogModuleManager: Shutting down and abandoning module HardwareSurvey (470)
[2018.04.05-15.58.14:953][213]LogModuleManager: Shutting down and abandoning module SequenceRecorderSections (468)
[2018.04.05-15.58.14:953][213]LogModuleManager: Shutting down and abandoning module AutomationWorker (466)
[2018.04.05-15.58.14:953][213]LogModuleManager: Shutting down and abandoning module MatineeToLevelSequence (464)
[2018.04.05-15.58.14:953][213]LogModuleManager: Shutting down and abandoning module LevelSequenceEditor (462)
[2018.04.05-15.58.14:953][213]LogModuleManager: Shutting down and abandoning module PlacementMode (461)
[2018.04.05-15.58.14:953][213]LogModuleManager: Shutting down and abandoning module WmfMediaFactory (458)
[2018.04.05-15.58.14:953][213]LogModuleManager: Shutting down and abandoning module WmfMediaEditor (456)
[2018.04.05-15.58.14:953][213]LogModuleManager: Shutting down and abandoning module MfMediaFactory (454)
[2018.04.05-15.58.14:953][213]LogModuleManager: Shutting down and abandoning module MfMediaEditor (452)
[2018.04.05-15.58.14:953][213]LogModuleManager: Shutting down and abandoning module AvfMediaFactory (450)
[2018.04.05-15.58.14:953][213]LogModuleManager: Shutting down and abandoning module AvfMediaEditor (448)
[2018.04.05-15.58.14:953][213]LogModuleManager: Shutting down and abandoning module AndroidMediaFactory (446)
[2018.04.05-15.58.14:953][213]LogModuleManager: Shutting down and abandoning module Media (445)
[2018.04.05-15.58.14:953][213]LogModuleManager: Shutting down and abandoning module AndroidMediaEditor (442)
[2018.04.05-15.58.14:953][213]LogModuleManager: Shutting down and abandoning module CharacterAI (440)
[2018.04.05-15.58.14:953][213]LogModuleManager: Shutting down and abandoning module AudioCapture (438)
[2018.04.05-15.58.14:953][213]LogModuleManager: Shutting down and abandoning module SequenceRecorder (437)
[2018.04.05-15.58.14:953][213]LogModuleManager: Shutting down and abandoning module SmartSnapping (434)
[2018.04.05-15.58.14:953][213]LogModuleManager: Shutting down and abandoning module SessionServices (432)
[2018.04.05-15.58.14:953][213]LogModuleManager: Shutting down and abandoning module ViewportSnapping (430)
[2018.04.05-15.58.14:953][213]LogModuleManager: Shutting down and abandoning module ViewportInteraction (428)
[2018.04.05-15.58.14:953][213]LogModuleManager: Shutting down and abandoning module LogVisualizer (426)
[2018.04.05-15.58.14:953][213]LogModuleManager: Shutting down and abandoning module IntroTutorials (424)
[2018.04.05-15.58.14:953][213]LogModuleManager: Shutting down and abandoning module GameProjectGeneration (423)
[2018.04.05-15.58.14:953][213]LogModuleManager: Shutting down and abandoning module EditorLiveStreaming (420)
[2018.04.05-15.58.14:953][213]LogModuleManager: Shutting down and abandoning module IOSPlatformEditor (418)
[2018.04.05-15.58.14:953][213]LogModuleManager: Shutting down and abandoning module HTML5PlatformEditor (416)
[2018.04.05-15.58.14:953][213]LogModuleManager: Shutting down and abandoning module AndroidPlatformEditor (414)
[2018.04.05-15.58.14:953][213]LogModuleManager: Shutting down and abandoning module AndroidDeviceDetection (413)
[2018.04.05-15.58.15:276][213]LogModuleManager: Shutting down and abandoning module IOSRuntimeSettings (410)
[2018.04.05-15.58.15:276][213]LogModuleManager: Shutting down and abandoning module AndroidRuntimeSettings (408)
[2018.04.05-15.58.15:276][213]LogModuleManager: Shutting down and abandoning module InputBindingEditor (406)
[2018.04.05-15.58.15:276][213]LogModuleManager: Shutting down and abandoning module NiagaraEditor (404)
[2018.04.05-15.58.15:276][213]LogModuleManager: Shutting down and abandoning module MergeActors (402)
[2018.04.05-15.58.15:276][213]LogModuleManager: Shutting down and abandoning module SizeMap (400)
[2018.04.05-15.58.15:276][213]LogModuleManager: Shutting down and abandoning module TreeMap (398)
[2018.04.05-15.58.15:276][213]LogModuleManager: Shutting down and abandoning module ReferenceViewer (396)
[2018.04.05-15.58.15:276][213]LogModuleManager: Shutting down and abandoning module LocalizationDashboard (394)
[2018.04.05-15.58.15:277][213]LogModuleManager: Shutting down and abandoning module LocalizationService (393)
[2018.04.05-15.58.15:277][213]LogModuleManager: Shutting down and abandoning module HardwareTargeting (390)
[2018.04.05-15.58.15:277][213]LogModuleManager: Shutting down and abandoning module DeviceProfileEditor (388)
[2018.04.05-15.58.15:277][213]LogModuleManager: Shutting down and abandoning module UndoHistory (386)
[2018.04.05-15.58.15:277][213]LogModuleManager: Shutting down and abandoning module UserFeedback (384)
[2018.04.05-15.58.15:277][213]LogModuleManager: Shutting down and abandoning module XmlParser (382)
[2018.04.05-15.58.15:277][213]LogModuleManager: Shutting down and abandoning module Blutility (380)
[2018.04.05-15.58.15:277][213]LogModuleManager: Shutting down and abandoning module ProjectSettingsViewer (378)
[2018.04.05-15.58.15:277][213]LogModuleManager: Shutting down and abandoning module ProjectTargetPlatformEditor (377)
[2018.04.05-15.58.15:277][213]LogModuleManager: Shutting down and abandoning module EditorSettingsViewer (374)
[2018.04.05-15.58.15:277][213]LogModuleManager: Shutting down and abandoning module SettingsEditor (372)
[2018.04.05-15.58.15:277][213]LogModuleManager: Shutting down and abandoning module ProjectLauncher (370)
[2018.04.05-15.58.15:277][213]LogModuleManager: Shutting down and abandoning module SessionFrontend (368)
[2018.04.05-15.58.15:277][213]LogModuleManager: Shutting down and abandoning module ProfilerClient (366)
[2018.04.05-15.58.15:277][213]LogModuleManager: Shutting down and abandoning module DeviceManager (364)
[2018.04.05-15.58.15:277][213]LogModuleManager: Shutting down and abandoning module TargetDeviceServices (363)
[2018.04.05-15.58.15:321][213]LogModuleManager: Shutting down and abandoning module AutomationController (360)
[2018.04.05-15.58.15:321][213]LogModuleManager: Shutting down and abandoning module AutomationWindow (358)
[2018.04.05-15.58.15:321][213]LogModuleManager: Shutting down and abandoning module Layers (356)
[2018.04.05-15.58.15:321][213]LogModuleManager: Shutting down and abandoning module ComponentVisualizers (354)
[2018.04.05-15.58.15:321][213]LogModuleManager: Shutting down and abandoning module DetailCustomizations (352)
[2018.04.05-15.58.15:321][213]LogModuleManager: Shutting down and abandoning module PackagesDialog (350)
[2018.04.05-15.58.15:321][213]LogModuleManager: Shutting down and abandoning module Persona (348)
[2018.04.05-15.58.15:321][213]LogModuleManager: Shutting down and abandoning module AnimGraph (347)
[2018.04.05-15.58.15:321][213]LogModuleManager: Shutting down and abandoning module Kismet (344)
[2018.04.05-15.58.15:327][213]LogModuleManager: Shutting down and abandoning module GraphEditor (342)
[2018.04.05-15.58.15:327][213]LogModuleManager: Shutting down and abandoning module ClassViewer (340)
[2018.04.05-15.58.15:327][213]LogModuleManager: Shutting down and abandoning module Toolbox (338)
[2018.04.05-15.58.15:327][213]LogModuleManager: Shutting down and abandoning module ModuleUI (336)
[2018.04.05-15.58.15:327][213]LogModuleManager: Shutting down and abandoning module MovieSceneTools (334)
[2018.04.05-15.58.15:327][213]LogModuleManager: Shutting down and abandoning module OutputLog (332)
[2018.04.05-15.58.15:327][213]LogModuleManager: Shutting down and abandoning module GammaUI (330)
[2018.04.05-15.58.15:327][213]LogModuleManager: Shutting down and abandoning module Documentation (328)
[2018.04.05-15.58.15:328][213]LogModuleManager: Shutting down and abandoning module Niagara (326)
[2018.04.05-15.58.15:328][213]LogModuleManager: Shutting down and abandoning module StreamingPauseRendering (324)
[2018.04.05-15.58.15:328][213]LogModuleManager: Shutting down and abandoning module AnalyticsET (322)
[2018.04.05-15.58.15:328][213]LogModuleManager: Shutting down and abandoning module PortalServices (320)
[2018.04.05-15.58.15:328][213]LogModuleManager: Shutting down and abandoning module PortalRpc (318)
[2018.04.05-15.58.15:328][213]LogModuleManager: Shutting down and abandoning module MessagingRpc (316)
[2018.04.05-15.58.15:328][213]LogModuleManager: Shutting down and abandoning module AIModule (314)
[2018.04.05-15.58.15:328][213]LogModuleManager: Shutting down and abandoning module GameplayDebugger (313)
[2018.04.05-15.58.15:328][213]LogModuleManager: Shutting down and abandoning module AITestSuite (311)
[2018.04.05-15.58.15:328][213]LogModuleManager: Shutting down and abandoning module ProfilerService (308)
[2018.04.05-15.58.15:431][213]LogModuleManager: Shutting down and abandoning module TaskGraph (306)
[2018.04.05-15.58.15:431][213]LogModuleManager: Shutting down and abandoning module SteamVRController (304)
[2018.04.05-15.58.15:431][213]LogModuleManager: Shutting down and abandoning module SteamVR (302)
[2018.04.05-15.58.15:431][213]LogModuleManager: Shutting down and abandoning module ProceduralMeshComponentEditor (300)
[2018.04.05-15.58.15:431][213]LogModuleManager: Shutting down and abandoning module ProceduralMeshComponent (298)
[2018.04.05-15.58.15:431][213]LogModuleManager: Shutting down and abandoning module OculusLibrary (296)
[2018.04.05-15.58.15:431][213]LogModuleManager: Shutting down and abandoning module OculusInput (294)
[2018.04.05-15.58.15:431][213]LogModuleManager: Shutting down and abandoning module MobilePatchingUtils (292)
[2018.04.05-15.58.15:431][213]LogModuleManager: Shutting down and abandoning module CustomMeshComponent (290)
[2018.04.05-15.58.15:431][213]LogModuleManager: Shutting down and abandoning module CableComponent (288)
[2018.04.05-15.58.15:431][213]LogModuleManager: Shutting down and abandoning module ArchVisCharacter (286)
[2018.04.05-15.58.15:431][213]LogModuleManager: Shutting down and abandoning module MediaPlayerEditor (282)
[2018.04.05-15.58.15:431][213]LogModuleManager: Shutting down and abandoning module HTML5Networking (280)
[2018.04.05-15.58.15:431][213]LogModuleManager: Shutting down and abandoning module AlembicImporter (278)
[2018.04.05-15.58.15:431][213]LogModuleManager: Shutting down and abandoning module AlembicLibrary (277)
[2018.04.05-15.58.15:432][213]LogModuleManager: Shutting down and abandoning module GeometryCache (276)
[2018.04.05-15.58.15:432][213]LogModuleManager: Shutting down and abandoning module GeometryCacheEd (275)
[2018.04.05-15.58.15:432][213]LogModuleManager: Shutting down and abandoning module SuperSearchEditor (270)
[2018.04.05-15.58.15:432][213]LogModuleManager: Shutting down and abandoning module SuperSearch (269)
[2018.04.05-15.58.15:432][213]LogModuleManager: Shutting down and abandoning module SpeedTreeImporter (266)
[2018.04.05-15.58.15:432][213]LogModuleManager: Shutting down and abandoning module PluginBrowser (264)
[2018.04.05-15.58.15:432][213]LogModuleManager: Shutting down and abandoning module MobileLauncherProfileWizard (262)
[2018.04.05-15.58.15:432][213]LogModuleManager: Shutting down and abandoning module EpicSurvey (260)
[2018.04.05-15.58.15:432][213]LogModuleManager: Shutting down and abandoning module VisualStudioSourceCodeAccess (258)
[2018.04.05-15.58.15:432][213]LogModuleManager: Shutting down and abandoning module DesktopPlatform (257)
[2018.04.05-15.58.15:432][213]LogModuleManager: Shutting down and abandoning module UObjectPlugin (254)
[2018.04.05-15.58.15:432][213]LogModuleManager: Shutting down and abandoning module SubversionSourceControl (252)
[2018.04.05-15.58.15:432][213]LogModuleManager: Shutting down and abandoning module PerforceSourceControl (250)
[2018.04.05-15.58.15:432][213]LogModuleManager: Shutting down and abandoning module GitSourceControl (248)
[2018.04.05-15.58.15:432][213]LogModuleManager: Shutting down and abandoning module SourceControl (247)
[2018.04.05-15.58.15:432][213]LogModuleManager: Shutting down and abandoning module LightPropagationVolumeEditor (244)
[2018.04.05-15.58.15:432][213]LogModuleManager: Shutting down and abandoning module PaperTiledImporter (242)
[2018.04.05-15.58.15:432][213]LogModuleManager: Shutting down and abandoning module PaperSpriteSheetImporter (240)
[2018.04.05-15.58.15:432][213]LogModuleManager: Shutting down and abandoning module Paper2DEditor (238)
[2018.04.05-15.58.15:432][213]LogModuleManager: Shutting down and abandoning module MeshPaint (237)
[2018.04.05-15.58.15:432][213]LogModuleManager: Shutting down and abandoning module LevelEditor (235)
[2018.04.05-15.58.15:433][213]LogModuleManager: Shutting down and abandoning module PixelInspectorModule (234)
[2018.04.05-15.58.15:433][213]LogModuleManager: Shutting down and abandoning module MainFrame (232)
[2018.04.05-15.58.15:433][213]LogModuleManager: Shutting down and abandoning module HotReload (231)
[2018.04.05-15.58.15:433][213]LogDirectoryWatcher: A directory notification for 'C:/Users/vinny/Documents/Unreal Projects/MyProject7/Binaries/Win64' was aborted.
[2018.04.05-15.58.15:434][213]LogModuleManager: Shutting down and abandoning module ContentBrowser (227)
[2018.04.05-15.58.15:435][213]LogModuleManager: Shutting down and abandoning module MyProject7 (224)
[2018.04.05-15.58.15:435][213]LogModuleManager: Shutting down and abandoning module PhysXVehiclesEditor (222)
[2018.04.05-15.58.15:435][213]LogModuleManager: Shutting down and abandoning module PhysXVehicles (220)
[2018.04.05-15.58.15:436][213]LogModuleManager: Shutting down and abandoning module LocationServicesBPLibrary (218)
[2018.04.05-15.58.15:436][213]LogModuleManager: Shutting down and abandoning module UdpMessaging (216)
[2018.04.05-15.58.15:536][213]LogModuleManager: Shutting down and abandoning module TcpMessaging (214)
[2018.04.05-15.58.15:637][213]LogModuleManager: Shutting down and abandoning module GameplayTagsEditor (212)
[2018.04.05-15.58.15:637][213]LogModuleManager: Shutting down and abandoning module FacialAnimationEditor (210)
[2018.04.05-15.58.15:637][213]LogModuleManager: Shutting down and abandoning module FacialAnimation (208)
[2018.04.05-15.58.15:637][213]LogModuleManager: Shutting down and abandoning module LightPropagationVolumeRuntime (206)
[2018.04.05-15.58.15:637][213]LogModuleManager: Shutting down and abandoning module Paper2D (204)
[2018.04.05-15.58.15:637][213]LogModuleManager: Shutting down and abandoning module WindowsMoviePlayer (202)
[2018.04.05-15.58.15:637][213]LogModuleManager: Shutting down and abandoning module WmfMedia (200)
[2018.04.05-15.58.15:639][213]LogModuleManager: Shutting down and abandoning module MfMedia (198)
[2018.04.05-15.58.15:639][213]LogModuleManager: Shutting down and abandoning module MediaAssets (196)
[2018.04.05-15.58.15:639][213]LogModuleManager: Shutting down and abandoning module GameLiveStreaming (194)
[2018.04.05-15.58.15:639][213]LogModuleManager: Shutting down and abandoning module VREditor (192)
[2018.04.05-15.58.15:639][213]LogModuleManager: Shutting down and abandoning module GameplayTasksEditor (190)
[2018.04.05-15.58.15:639][213]LogModuleManager: Shutting down and abandoning module BehaviorTreeEditor (188)
[2018.04.05-15.58.15:639][213]LogModuleManager: Shutting down and abandoning module FunctionalTesting (186)
[2018.04.05-15.58.15:639][213]LogModuleManager: Shutting down and abandoning module CollisionAnalyzer (184)
[2018.04.05-15.58.15:639][213]LogModuleManager: Shutting down and abandoning module UMG (182)
[2018.04.05-15.58.15:639][213]LogModuleManager: Shutting down and abandoning module UMGEditor (181)
[2018.04.05-15.58.15:639][213]LogModuleManager: Shutting down and abandoning module Sequencer (180)
[2018.04.05-15.58.15:639][213]LogModuleManager: Shutting down and abandoning module AssetTools (178)
[2018.04.05-15.58.15:640][213]LogModuleManager: Shutting down and abandoning module MessageLog (177)
[2018.04.05-15.58.15:640][213]LogModuleManager: Shutting down and abandoning module WorkspaceMenuStructure (176)
[2018.04.05-15.58.15:640][213]LogModuleManager: Shutting down and abandoning module SlateReflector (170)
[2018.04.05-15.58.15:640][213]LogModuleManager: Shutting down and abandoning module Slate (168)
[2018.04.05-15.58.15:640][213]LogModuleManager: Shutting down and abandoning module EditorStyle (166)
[2018.04.05-15.58.15:642][213]LogModuleManager: Shutting down and abandoning module SourceCodeAccess (164)
[2018.04.05-15.58.15:642][213]LogModuleManager: Shutting down and abandoning module HeadMountedDisplay (162)
[2018.04.05-15.58.15:642][213]LogModuleManager: Shutting down and abandoning module XAudio2 (160)
[2018.04.05-15.58.15:642][213]LogModuleManager: Shutting down and abandoning module Networking (158)
[2018.04.05-15.58.15:643][213]LogModuleManager: Shutting down and abandoning module Core (154)
[2018.04.05-15.58.15:643][213]LogModuleManager: Shutting down and abandoning module AssetRegistry (152)
[2018.04.05-15.58.15:777][213]LogDirectoryWatcher: A directory notification for '../../../Engine/Content/' was aborted.
[2018.04.05-15.58.15:778][213]LogDirectoryWatcher: A directory notification for '../../../../../../Users/vinny/Documents/Unreal Projects/MyProject7/Content/' was aborted.
[2018.04.05-15.58.15:778][213]LogDirectoryWatcher: A directory notification for '../../../Engine/Plugins/2D/Paper2D/Content/' was aborted.
[2018.04.05-15.58.15:778][213]LogModuleManager: Shutting down and abandoning module DirectoryWatcher (151)
[2018.04.05-15.58.15:779][213]LogModuleManager: Shutting down and abandoning module KismetCompiler (148)
[2018.04.05-15.58.15:779][213]LogModuleManager: Shutting down and abandoning module PhysXFormats (146)
[2018.04.05-15.58.15:779][213]LogModuleManager: Shutting down and abandoning module MeshUtilities (144)
[2018.04.05-15.58.15:779][213]LogModuleManager: Shutting down and abandoning module SimplygonSwarm (143)
[2018.04.05-15.58.15:779][213]LogModuleManager: Shutting down and abandoning module SimplygonMeshReduction (141)
[2018.04.05-15.58.15:779][213]LogModuleManager: Shutting down and abandoning module QuadricMeshReduction (139)
[2018.04.05-15.58.15:779][213]LogModuleManager: Shutting down and abandoning module PropertyEditor (137)
[2018.04.05-15.58.15:779][213]LogModuleManager: Shutting down and abandoning module DerivedDataCache (134)
[2018.04.05-15.58.15:799][213]LogDerivedDataCache: Shutdown
[2018.04.05-15.58.15:799][213]LogModuleManager: Shutting down and abandoning module TargetPlatform (132)
[2018.04.05-15.58.15:799][213]LogModuleManager: Shutting down and abandoning module VulkanShaderFormat (131)
[2018.04.05-15.58.15:799][213]LogModuleManager: Shutting down and abandoning module ShaderFormatOpenGL (129)
[2018.04.05-15.58.15:799][213]LogModuleManager: Shutting down and abandoning module ShaderFormatD3D (127)
[2018.04.05-15.58.15:799][213]LogModuleManager: Shutting down and abandoning module MetalShaderFormat (125)
[2018.04.05-15.58.15:799][213]LogModuleManager: Shutting down and abandoning module TextureFormatUncompressed (123)
[2018.04.05-15.58.15:799][213]LogModuleManager: Shutting down and abandoning module TextureFormatPVR (121)
[2018.04.05-15.58.15:799][213]LogModuleManager: Shutting down and abandoning module TextureFormatDXT (119)
[2018.04.05-15.58.15:799][213]LogModuleManager: Shutting down and abandoning module TextureFormatIntelISPCTexComp (117)
[2018.04.05-15.58.15:800][213]LogModuleManager: Shutting down and abandoning module TextureFormatASTC (115)
[2018.04.05-15.58.15:800][213]LogModuleManager: Shutting down and abandoning module ImageWrapper (114)
[2018.04.05-15.58.15:800][213]LogModuleManager: Shutting down and abandoning module TextureFormatAndroid (111)
[2018.04.05-15.58.15:800][213]LogModuleManager: Shutting down and abandoning module AudioFormatOpus (109)
[2018.04.05-15.58.15:800][213]LogModuleManager: Shutting down and abandoning module AudioFormatOgg (107)
[2018.04.05-15.58.15:800][213]LogModuleManager: Shutting down and abandoning module AudioFormatADPCM (105)
[2018.04.05-15.58.15:800][213]LogModuleManager: Shutting down and abandoning module LinuxTargetPlatform (103)
[2018.04.05-15.58.15:800][213]LogModuleManager: Shutting down and abandoning module LinuxServerTargetPlatform (101)
[2018.04.05-15.58.15:800][213]LogModuleManager: Shutting down and abandoning module LinuxNoEditorTargetPlatform (99)
[2018.04.05-15.58.15:800][213]LogModuleManager: Shutting down and abandoning module LinuxClientTargetPlatform (97)
[2018.04.05-15.58.15:800][213]LogModuleManager: Shutting down and abandoning module TVOSTargetPlatform (95)
[2018.04.05-15.58.15:800][213]LogModuleManager: Shutting down and abandoning module Messaging (93)
[2018.04.05-15.58.15:800][213]LogModuleManager: Shutting down and abandoning module IOSTargetPlatform (91)
[2018.04.05-15.58.15:800][213]LogModuleManager: Shutting down and abandoning module HTML5TargetPlatform (89)
[2018.04.05-15.58.15:800][213]LogModuleManager: Shutting down and abandoning module Android_PVRTCTargetPlatform (87)
[2018.04.05-15.58.15:800][213]LogModuleManager: Shutting down and abandoning module Android_MultiTargetPlatform (85)
[2018.04.05-15.58.15:800][213]LogModuleManager: Shutting down and abandoning module Android_ETC2TargetPlatform (83)
[2018.04.05-15.58.15:800][213]LogModuleManager: Shutting down and abandoning module Android_ETC1TargetPlatform (81)
[2018.04.05-15.58.15:800][213]LogModuleManager: Shutting down and abandoning module Android_DXTTargetPlatform (79)
[2018.04.05-15.58.15:800][213]LogModuleManager: Shutting down and abandoning module Android_ATCTargetPlatform (77)
[2018.04.05-15.58.15:800][213]LogModuleManager: Shutting down and abandoning module Android_ASTCTargetPlatform (75)
[2018.04.05-15.58.15:800][213]LogModuleManager: Shutting down and abandoning module AndroidTargetPlatform (73)
[2018.04.05-15.58.15:800][213]LogModuleManager: Shutting down and abandoning module WindowsTargetPlatform (71)
[2018.04.05-15.58.15:800][213]LogModuleManager: Shutting down and abandoning module WindowsServerTargetPlatform (69)
[2018.04.05-15.58.15:800][213]LogModuleManager: Shutting down and abandoning module WindowsNoEditorTargetPlatform (67)
[2018.04.05-15.58.15:800][213]LogModuleManager: Shutting down and abandoning module WindowsClientTargetPlatform (65)
[2018.04.05-15.58.15:800][213]LogModuleManager: Shutting down and abandoning module MacTargetPlatform (63)
[2018.04.05-15.58.15:800][213]LogModuleManager: Shutting down and abandoning module MacServerTargetPlatform (61)
[2018.04.05-15.58.15:800][213]LogModuleManager: Shutting down and abandoning module MacNoEditorTargetPlatform (59)
[2018.04.05-15.58.15:800][213]LogModuleManager: Shutting down and abandoning module MacClientTargetPlatform (57)
[2018.04.05-15.58.15:800][213]LogModuleManager: Shutting down and abandoning module AllDesktopTargetPlatform (55)
[2018.04.05-15.58.15:800][213]LogModuleManager: Shutting down and abandoning module InputCore (52)
[2018.04.05-15.58.15:800][213]LogModuleManager: Shutting down and abandoning module Settings (50)
[2018.04.05-15.58.15:800][213]LogModuleManager: Shutting down and abandoning module OculusRift (48)
[2018.04.05-15.58.15:801][213]LogModuleManager: Shutting down and abandoning module GearVR (46)
[2018.04.05-15.58.15:801][213]LogModuleManager: Shutting down and abandoning module ExampleDeviceProfileSelector (44)
[2018.04.05-15.58.15:801][213]LogModuleManager: Shutting down and abandoning module OnlineBlueprintSupport (42)
[2018.04.05-15.58.15:801][213]LogModuleManager: Shutting down and abandoning module OnlineSubsystem (38)
[2018.04.05-15.58.15:801][213]LogOnline:Display: Unloading online subsystem: NULL
[2018.04.05-15.58.15:801][213]LogModuleManager: Shutting down and abandoning module XMPP (37)
[2018.04.05-15.58.15:801][213]LogModuleManager: Shutting down and abandoning module HTTP (35)
[2018.04.05-15.58.15:801][213]LogHttp:Display: Http module shutting down, but needs to wait on 1 outstanding Http requests:
[2018.04.05-15.58.15:801][213]LogHttp:Display: 	verb=[POST] url=[https://datarouter.ol.epicgames.com/datarouter/api/v1/public/data?SessionID=%7B4982A215-4545-DCC0-85D8-0B9008987506%7D&AppID=UEEditor.Rocket.Release&AppVersion=4.15.3-3450819%2B%2B%2BUE4%2BRelease-4.15&UserID=3a6a179d46f62b8b310005b7a872cf81%7C1e251b31f5364483866a46585c70edc5%7Cbcaf7422-1cfd-425e-bb36-2802c1608fc2&AppEnvironment=datacollector-binary&UploadType=eteventstream] status=Processing
[2018.04.05-15.58.15:829][213]LogModuleManager: Shutting down and abandoning module SSL (34)
[2018.04.05-15.58.15:831][213]LogModuleManager: Shutting down and abandoning module AudioEditor (30)
[2018.04.05-15.58.15:831][213]LogModuleManager: Shutting down and abandoning module TextureCompressor (28)
[2018.04.05-15.58.15:831][213]LogModuleManager: Shutting down and abandoning module ShaderCore (26)
[2018.04.05-15.58.15:831][213]LogModuleManager: Shutting down and abandoning module Landscape (24)
[2018.04.05-15.58.15:831][213]LogModuleManager: Shutting down and abandoning module SlateRHIRenderer (22)
[2018.04.05-15.58.15:833][213]LogModuleManager: Shutting down and abandoning module OpenGLDrv (20)
[2018.04.05-15.58.15:833][213]LogModuleManager: Shutting down and abandoning module D3D11RHI (18)
[2018.04.05-15.58.15:833][213]LogModuleManager: Shutting down and abandoning module AnimGraphRuntime (16)
[2018.04.05-15.58.15:833][213]LogModuleManager: Shutting down and abandoning module Renderer (14)
[2018.04.05-15.58.15:833][213]LogModuleManager: Shutting down and abandoning module Engine (12)
[2018.04.05-15.58.15:833][213]LogModuleManager: Shutting down and abandoning module CoreUObject (10)
[2018.04.05-15.58.15:833][213]LogModuleManager: Shutting down and abandoning module NetworkFile (8)
[2018.04.05-15.58.15:833][213]LogModuleManager: Shutting down and abandoning module StreamingFile (6)
[2018.04.05-15.58.15:833][213]LogModuleManager: Shutting down and abandoning module SandboxFile (4)
[2018.04.05-15.58.15:833][213]LogModuleManager: Shutting down and abandoning module PakFile (2)
[2018.04.05-15.58.15:835][213]LogExit: Exiting.
[2018.04.05-15.58.15:837][213]Log file closed, 04/05/18 12:58:15
